Determining if the pthread_create exist failed with the following output:
Change Dir: /home/crslab/catkin_control/build/CMakeFiles/CMakeTmp

Run Build Command:"/usr/bin/make" "cmTC_acc92/fast"
/usr/bin/make -f CMakeFiles/cmTC_acc92.dir/build.make CMakeFiles/cmTC_acc92.dir/build
make[1]: Entering directory '/home/crslab/catkin_control/build/CMakeFiles/CMakeTmp'
Building C object CMakeFiles/cmTC_acc92.dir/CheckSymbolExists.c.o
/usr/bin/cc    -o CMakeFiles/cmTC_acc92.dir/CheckSymbolExists.c.o   -c /home/crslab/catkin_control/build/CMakeFiles/CMakeTmp/CheckSymbolExists.c
Linking C executable cmTC_acc92
/usr/bin/cmake -E cmake_link_script CMakeFiles/cmTC_acc92.dir/link.txt --verbose=1
/usr/bin/cc      -rdynamic CMakeFiles/cmTC_acc92.dir/CheckSymbolExists.c.o  -o cmTC_acc92 
CMakeFiles/cmTC_acc92.dir/CheckSymbolExists.c.o: In function `main':
CheckSymbolExists.c:(.text+0x1b): undefined reference to `pthread_create'
collect2: error: ld returned 1 exit status
CMakeFiles/cmTC_acc92.dir/build.make:97: recipe for target 'cmTC_acc92' failed
make[1]: *** [cmTC_acc92] Error 1
make[1]: Leaving directory '/home/crslab/catkin_control/build/CMakeFiles/CMakeTmp'
Makefile:126: recipe for target 'cmTC_acc92/fast' failed
make: *** [cmTC_acc92/fast] Error 2

File /home/crslab/catkin_control/build/CMakeFiles/CMakeTmp/CheckSymbolExists.c:
/* */
#include <pthread.h>

int main(int argc, char** argv)
{
  (void)argv;
#ifndef pthread_create
  return ((int*)(&pthread_create))[argc];
#else
  (void)argc;
  return 0;
#endif
}

Determining if the function pthread_create exists in the pthreads failed with the following output:
Change Dir: /home/crslab/catkin_control/build/CMakeFiles/CMakeTmp

Run Build Command:"/usr/bin/make" "cmTC_e64bf/fast"
/usr/bin/make -f CMakeFiles/cmTC_e64bf.dir/build.make CMakeFiles/cmTC_e64bf.dir/build
make[1]: Entering directory '/home/crslab/catkin_control/build/CMakeFiles/CMakeTmp'
Building C object CMakeFiles/cmTC_e64bf.dir/CheckFunctionExists.c.o
/usr/bin/cc   -DCHECK_FUNCTION_EXISTS=pthread_create   -o CMakeFiles/cmTC_e64bf.dir/CheckFunctionExists.c.o   -c /usr/share/cmake-3.10/Modules/CheckFunctionExists.c
Linking C executable cmTC_e64bf
/usr/bin/cmake -E cmake_link_script CMakeFiles/cmTC_e64bf.dir/link.txt --verbose=1
/usr/bin/cc  -DCHECK_FUNCTION_EXISTS=pthread_create    -rdynamic CMakeFiles/cmTC_e64bf.dir/CheckFunctionExists.c.o  -o cmTC_e64bf -lpthreads 
/usr/bin/ld: cannot find -lpthreads
collect2: error: ld returned 1 exit status
CMakeFiles/cmTC_e64bf.dir/build.make:97: recipe for target 'cmTC_e64bf' failed
make[1]: *** [cmTC_e64bf] Error 1
make[1]: Leaving directory '/home/crslab/catkin_control/build/CMakeFiles/CMakeTmp'
Makefile:126: recipe for target 'cmTC_e64bf/fast' failed
make: *** [cmTC_e64bf/fast] Error 2


